<?xml version="1.0" encoding="UTF-8"?>
<testsuite xmlns:xsi="http://www.w3.org/2001/XMLSchema-instance" xsi:noNamespaceSchemaLocation="https://maven.apache.org/surefire/maven-surefire-plugin/xsd/surefire-test-report.xsd" name="com.mf.presales_shipit.SeleniumRegressionTest" time="0.016" tests="4" errors="0" skipped="0" failures="0">
  <properties>
[...]
</properties>
  <testcase name="testShipit1" classname="com.mf.presales_shipit.SeleniumRegressionTest" time="0.002"/>
  <testcase name="testShipit2" classname="com.mf.presales_shipit.SeleniumRegressionTest" time="0"/>
  <testcase name="testShipit3" classname="com.mf.presales_shipit.SeleniumRegressionTest" time="0"/>
  <testcase name="testShipit4" classname="com.mf.presales_shipit.SeleniumRegressionTest" time="0"/>
</testsuite>